TN:
SF:script/Deploy.sol
DA:17,0
FN:17,Deploy.setUp
FNDA:0,Deploy.setUp
DA:19,0
DA:22,0
DA:26,0
FN:26,Deploy.run
FNDA:0,Deploy.run
DA:27,0
DA:29,0
DA:30,0
DA:31,0
FNF:2
FNH:0
LF:8
LH:0
BRF:0
BRH:0
end_of_record
TN:
SF:script/DeployDonationHandler.s.sol
DA:11,0
FN:11,DeployDonationHandler.run
FNDA:0,DeployDonationHandler.run
DA:12,0
DA:14,0
DA:16,0
DA:18,0
DA:19,0
DA:23,0
DA:24,0
DA:25,0
DA:26,0
FNF:1
FNH:0
LF:10
LH:0
BRF:0
BRH:0
end_of_record
TN:
SF:src/contracts/DonationHandler.sol
DA:41,0
FN:41,DonationHandler.constructor
FNDA:0,DonationHandler.constructor
DA:42,0
DA:45,0
FN:45,DonationHandler.initialize
FNDA:0,DonationHandler.initialize
DA:46,0
DA:47,0
DA:55,0
FN:55,DonationHandler.validateInputLengths
FNDA:0,DonationHandler.validateInputLengths
DA:60,0
BRDA:60,0,0,-
DA:61,0
DA:70,0
FN:70,DonationHandler.checkERC20Allowance
FNDA:0,DonationHandler.checkERC20Allowance
DA:71,0
BRDA:71,1,0,-
BRDA:71,1,1,-
DA:72,0
DA:73,0
BRDA:73,2,0,-
DA:74,0
DA:86,0
FN:86,DonationHandler.donateManyETH
FNDA:0,DonationHandler.donateManyETH
DA:92,0
DA:93,0
BRDA:93,3,0,-
BRDA:93,3,1,-
DA:94,0
BRDA:94,4,0,-
BRDA:94,4,1,-
DA:96,0
DA:97,0
DA:98,0
DA:100,0
DA:110,0
FN:110,DonationHandler.donateETH
FNDA:0,DonationHandler.donateETH
DA:111,0
BRDA:111,5,0,-
BRDA:111,5,1,-
DA:112,0
DA:123,0
FN:123,DonationHandler.donateManyERC20
FNDA:0,DonationHandler.donateManyERC20
DA:135,0
DA:136,0
BRDA:136,6,0,-
BRDA:136,6,1,-
DA:138,0
DA:139,0
DA:140,0
DA:144,0
DA:155,0
FN:155,DonationHandler.donateERC20
FNDA:0,DonationHandler.donateERC20
DA:161,0
DA:168,0
FN:168,DonationHandler._handleETH
FNDA:0,DonationHandler._handleETH
DA:171,0
BRDA:171,7,0,-
DA:172,0
BRDA:172,8,0,-
DA:173,0
DA:174,0
BRDA:174,9,0,-
BRDA:174,9,1,-
DA:176,0
DA:183,0
FN:183,DonationHandler._handleERC20
FNDA:0,DonationHandler._handleERC20
DA:184,0
BRDA:184,10,0,-
DA:185,0
BRDA:185,11,0,-
DA:186,0
DA:187,0
BRDA:187,12,0,-
BRDA:187,12,1,-
DA:189,0
DA:193,0
FN:193,DonationHandler.receive
FNDA:0,DonationHandler.receive
DA:195,0
FNF:11
FNH:0
LF:47
LH:0
BRF:20
BRH:0
end_of_record
TN:
SF:src/contracts/Greeter.sol
DA:26,1011
FN:26,Greeter.onlyOwner
FNDA:1011,Greeter.onlyOwner
DA:27,1011
BRDA:27,0,0,1000
DA:28,1000
DA:38,9
FN:38,Greeter.constructor
FNDA:9,Greeter.constructor
DA:39,9
DA:40,9
DA:41,9
DA:45,1
FN:45,Greeter.greet
FNDA:1,Greeter.greet
DA:46,1
DA:47,1
DA:51,11
FN:51,Greeter.setGreeting
FNDA:11,Greeter.setGreeting
DA:52,11
BRDA:52,1,0,2
DA:53,2
DA:56,9
DA:57,9
FNF:4
FNH:4
LF:15
LH:15
BRF:2
BRH:2
end_of_record
TN:
SF:test/DonationHandler.t.sol
DA:12,0
FN:12,MockERC20.constructor
FNDA:0,MockERC20.constructor
DA:13,0
DA:18,0
FN:18,FailingMockERC20.constructor
FNDA:0,FailingMockERC20.constructor
DA:19,0
DA:22,0
FN:22,FailingMockERC20.transferFrom
FNDA:0,FailingMockERC20.transferFrom
DA:23,0
FNF:3
FNH:0
LF:6
LH:0
BRF:0
BRH:0
end_of_record
TN:
SF:test/integration/IntegrationBase.sol
DA:18,0
FN:18,IntegrationBase.setUp
FNDA:0,IntegrationBase.setUp
DA:19,0
DA:20,0
DA:21,0
FNF:1
FNH:0
LF:4
LH:0
BRF:0
BRH:0
end_of_record
TN:
SF:test/invariants/fuzz/handlers/guided/Greeter.t.sol
DA:7,0
FN:7,GreeterGuidedHandlers.handler_setGreeting
FNDA:0,GreeterGuidedHandlers.handler_setGreeting
DA:9,0
BRDA:9,0,0,-
DA:10,0
DA:11,0
BRDA:11,0,1,-
DA:12,0
FNF:1
FNH:0
LF:5
LH:0
BRF:2
BRH:0
end_of_record
TN:
SF:test/invariants/fuzz/handlers/unguided/Greeter.t.sol
DA:9,0
FN:9,GreeterUnguidedHandlers.handler_setGreeting
FNDA:0,GreeterUnguidedHandlers.handler_setGreeting
DA:10,0
DA:11,0
BRDA:11,0,0,-
DA:12,0
DA:13,0
DA:14,0
BRDA:14,0,1,-
DA:15,0
FNF:1
FNH:0
LF:7
LH:0
BRF:2
BRH:0
end_of_record
TN:
SF:test/invariants/fuzz/properties/Greeter.t.sol
DA:9,0
FN:9,GreeterProperties.property_greetingIsNeverEmpty
FNDA:0,GreeterProperties.property_greetingIsNeverEmpty
DA:10,0
FNF:1
FNH:0
LF:2
LH:0
BRF:0
BRH:0
end_of_record
TN:
SF:test/invariants/fuzz/setup/Greeter.t.sol
DA:10,0
FN:10,GreeterSetup.constructor
FNDA:0,GreeterSetup.constructor
DA:11,0
FNF:1
FNH:0
LF:2
LH:0
BRF:0
BRH:0
end_of_record
TN:
SF:test/invariants/symbolic/Greeter.t.sol
DA:12,0
FN:12,SymbolicGreeter.setUp
FNDA:0,SymbolicGreeter.setUp
DA:13,0
DA:14,0
DA:16,0
DA:19,0
FN:19,SymbolicGreeter.check_validState_greeterNeverEmpty
FNDA:0,SymbolicGreeter.check_validState_greeterNeverEmpty
DA:21,0
DA:24,0
DA:25,0
DA:26,0
DA:27,0
DA:30,0
DA:31,0
DA:35,0
DA:38,0
DA:39,0
DA:42,0
FN:42,SymbolicGreeter.check_setGreeting_onlyOwnerSetsGreeting
FNDA:0,SymbolicGreeter.check_setGreeting_onlyOwnerSetsGreeting
DA:44,0
DA:47,0
DA:48,0
DA:51,0
BRDA:51,0,0,-
BRDA:51,0,1,-
DA:52,0
DA:53,0
DA:55,0
FNF:3
FNH:0
LF:23
LH:0
BRF:2
BRH:0
end_of_record
